#-----------------------------------------------------------
# Vivado v2024.2 (64-bit)
# SW Build 5239630 on Fri Nov 08 22:35:27 MST 2024
# IP Build 5239520 on Sun Nov 10 16:12:51 MST 2024
# SharedData Build 5239561 on Fri Nov 08 14:39:27 MST 2024
# Start of session at: Tue Apr 21 08:55:21 2026
# Process ID         : 40976
# Current directory  : C:/Users/jswat/School_Projects/ECE485_FinalProject/ece485_final_cadet_stage3
# Command line       : vivado.exe -gui_launcher_event rodinguilauncherevent8728 C:\Users\jswat\School_Projects\ECE485_FinalProject\ece485_final_cadet_stage3\ece485_final_cadet_stage3.xpr
# Log file           : C:/Users/jswat/School_Projects/ECE485_FinalProject/ece485_final_cadet_stage3/vivado.log
# Journal file       : C:/Users/jswat/School_Projects/ECE485_FinalProject/ece485_final_cadet_stage3\vivado.jou
# Running On         : Jonathon-Razer-Laptop
# Platform           : Windows Server 2016 or Windows 10
# Operating System   : 26200
# Processor Detail   : 11th Gen Intel(R) Core(TM) i9-11900H @ 2.50GHz
# CPU Frequency      : 2496 MHz
# CPU Physical cores : 8
# CPU Logical cores  : 16
# Host memory        : 34095 MB
# Swap memory        : 5637 MB
# Total Virtual      : 39733 MB
# Available Virtual  : 20184 MB
#-----------------------------------------------------------
start_gui
open_project C:/Users/jswat/School_Projects/ECE485_FinalProject/ece485_final_cadet_stage3/ece485_final_cadet_stage3.xpr
INFO: [filemgmt 56-3] Default IP Output Path : Could not find the directory 'C:/Users/jswat/School_Projects/ECE485_FinalProject/ece485_final_cadet_stage3/ece485_final_cadet_stage3.gen/sources_1'.
Scanning sources...
Finished scanning sources
INFO: [IP_Flow 19-234] Refreshing IP repositories
INFO: [IP_Flow 19-1704] No user IP repositories specified
INFO: [IP_Flow 19-2313] Loaded Vivado IP repository 'C:/Xilinx2/Vivado/2024.2/data/ip'.
open_project: Time (s): cpu = 00:00:26 ; elapsed = 00:00:09 . Memory (MB): peak = 1085.430 ; gain = 39.004
update_compile_order -fileset sources_1
WARNING: [filemgmt 56-199] Attempt to get parsing info during refresh. "On-the-fly" syntax checking information may be incorrect. [C:\Users\jswat\School_Projects\ECE485_FinalProject\ece485_final_cadet_stage3\pipeline_registers.vhdl:]
WARNING: [filemgmt 56-199] Attempt to get parsing info during refresh. "On-the-fly" syntax checking information may be incorrect. [C:\Users\jswat\School_Projects\ECE485_FinalProject\ece485_final_cadet_stage3\riscv_pipeline.vhdl:]
WARNING: [filemgmt 56-199] Attempt to get parsing info during refresh. "On-the-fly" syntax checking information may be incorrect. [C:\Users\jswat\School_Projects\ECE485_FinalProject\ece485_final_cadet_stage3\pipeline_registers.vhdl:]
WARNING: [filemgmt 56-199] Attempt to get parsing info during refresh. "On-the-fly" syntax checking information may be incorrect. [C:\Users\jswat\School_Projects\ECE485_FinalProject\ece485_final_cadet_stage3\pipeline_registers.vhdl:]
ERROR: [Common 17-180] Spawn failed: No error
WARNING: [filemgmt 56-199] Attempt to get parsing info during refresh. "On-the-fly" syntax checking information may be incorrect. [C:\Users\jswat\School_Projects\ECE485_FinalProject\ece485_final_cadet_stage3\pipeline_registers.vhdl:]
WARNING: [filemgmt 56-199] Attempt to get parsing info during refresh. "On-the-fly" syntax checking information may be incorrect. [C:\Users\jswat\School_Projects\ECE485_FinalProject\ece485_final_cadet_stage3\hazard_detection_unit.vhdl:]
WARNING: [filemgmt 56-199] Attempt to get parsing info during refresh. "On-the-fly" syntax checking information may be incorrect. [C:\Users\jswat\School_Projects\ECE485_FinalProject\ece485_final_cadet_stage3\riscv_pipeline.vhdl:]
WARNING: [filemgmt 56-199] Attempt to get parsing info during refresh. "On-the-fly" syntax checking information may be incorrect. [C:\Users\jswat\School_Projects\ECE485_FinalProject\ece485_final_cadet_stage3\pipeline_registers.vhdl:]
WARNING: [filemgmt 56-199] Attempt to get parsing info during refresh. "On-the-fly" syntax checking information may be incorrect. [C:\Users\jswat\School_Projects\ECE485_FinalProject\ece485_final_cadet_stage3\pipeline_registers.vhdl:]
WARNING: [filemgmt 56-199] Attempt to get parsing info during refresh. "On-the-fly" syntax checking information may be incorrect. [C:\Users\jswat\School_Projects\ECE485_FinalProject\ece485_final_cadet_stage3\pipeline_registers.vhdl:]
WARNING: [filemgmt 56-199] Attempt to get parsing info during refresh. "On-the-fly" syntax checking information may be incorrect. [C:\Users\jswat\School_Projects\ECE485_FinalProject\ece485_final_cadet_stage3\hazard_detection_unit.vhdl:]
WARNING: [filemgmt 56-199] Attempt to get parsing info during refresh. "On-the-fly" syntax checking information may be incorrect. [C:\Users\jswat\School_Projects\ECE485_FinalProject\ece485_final_cadet_stage3\riscv_pipeline.vhdl:]
WARNING: [filemgmt 56-199] Attempt to get parsing info during refresh. "On-the-fly" syntax checking information may be incorrect. [C:\Users\jswat\School_Projects\ECE485_FinalProject\ece485_final_cadet_stage3\hazard_detection_unit.vhdl:]
WARNING: [filemgmt 56-199] Attempt to get parsing info during refresh. "On-the-fly" syntax checking information may be incorrect. [C:\Users\jswat\School_Projects\ECE485_FinalProject\ece485_final_cadet_stage3\hazard_detection_unit.vhdl:]
WARNING: [filemgmt 56-199] Attempt to get parsing info during refresh. "On-the-fly" syntax checking information may be incorrect. [C:\Users\jswat\School_Projects\ECE485_FinalProject\ece485_final_cadet_stage3\pipeline_registers.vhdl:]
WARNING: [filemgmt 56-199] Attempt to get parsing info during refresh. "On-the-fly" syntax checking information may be incorrect. [C:\Users\jswat\School_Projects\ECE485_FinalProject\ece485_final_cadet_stage3\hazard_detection_unit.vhdl:]
WARNING: [filemgmt 56-199] Attempt to get parsing info during refresh. "On-the-fly" syntax checking information may be incorrect. [C:\Users\jswat\School_Projects\ECE485_FinalProject\ece485_final_cadet_stage3\riscv_pipeline.vhdl:]
WARNING: [filemgmt 56-199] Attempt to get parsing info during refresh. "On-the-fly" syntax checking information may be incorrect. [C:\Users\jswat\School_Projects\ECE485_FinalProject\ece485_final_cadet_stage3\pipeline_registers.vhdl:]
WARNING: [filemgmt 56-199] Attempt to get parsing info during refresh. "On-the-fly" syntax checking information may be incorrect. [C:\Users\jswat\School_Projects\ECE485_FinalProject\ece485_final_cadet_stage3\pipeline_registers.vhdl:]
WARNING: [filemgmt 56-199] Attempt to get parsing info during refresh. "On-the-fly" syntax checking information may be incorrect. [C:\Users\jswat\School_Projects\ECE485_FinalProject\ece485_final_cadet_stage3\pipeline_registers.vhdl:]
WARNING: [filemgmt 56-199] Attempt to get parsing info during refresh. "On-the-fly" syntax checking information may be incorrect. [C:\Users\jswat\School_Projects\ECE485_FinalProject\ece485_final_cadet_stage3\hazard_detection_unit.vhdl:]
WARNING: [filemgmt 56-199] Attempt to get parsing info during refresh. "On-the-fly" syntax checking information may be incorrect. [C:\Users\jswat\School_Projects\ECE485_FinalProject\ece485_final_cadet_stage3\riscv_pipeline.vhdl:]
WARNING: [filemgmt 56-199] Attempt to get parsing info during refresh. "On-the-fly" syntax checking information may be incorrect. [C:\Users\jswat\School_Projects\ECE485_FinalProject\ece485_final_cadet_stage3\riscv_pipeline.vhdl:]
WARNING: [filemgmt 56-199] Attempt to get parsing info during refresh. "On-the-fly" syntax checking information may be incorrect. [C:\Users\jswat\School_Projects\ECE485_FinalProject\ece485_final_cadet_stage3\riscv_pipeline.vhdl:]
WARNING: [filemgmt 56-199] Attempt to get parsing info during refresh. "On-the-fly" syntax checking information may be incorrect. [C:\Users\jswat\School_Projects\ECE485_FinalProject\ece485_final_cadet_stage3\ece485_final_cadet_stage3.srcs\sources_1\imports\ece485_final_cadet_stage3\instr_mem.vhdl:]
WARNING: [filemgmt 56-199] Attempt to get parsing info during refresh. "On-the-fly" syntax checking information may be incorrect. [C:\Users\jswat\School_Projects\ECE485_FinalProject\ece485_final_cadet_stage3\pipeline_registers.vhdl:]
WARNING: [filemgmt 56-199] Attempt to get parsing info during refresh. "On-the-fly" syntax checking information may be incorrect. [C:\Users\jswat\School_Projects\ECE485_FinalProject\ece485_final_cadet_stage3\hazard_detection_unit.vhdl:]
WARNING: [filemgmt 56-199] Attempt to get parsing info during refresh. "On-the-fly" syntax checking information may be incorrect. [C:\Users\jswat\School_Projects\ECE485_FinalProject\ece485_final_cadet_stage3\riscv_pipeline.vhdl:]
WARNING: [filemgmt 56-199] Attempt to get parsing info during refresh. "On-the-fly" syntax checking information may be incorrect. [C:\Users\jswat\School_Projects\ECE485_FinalProject\ece485_final_cadet_stage3\riscv_pipeline.vhdl:]
WARNING: [filemgmt 56-199] Attempt to get parsing info during refresh. "On-the-fly" syntax checking information may be incorrect. [C:\Users\jswat\School_Projects\ECE485_FinalProject\ece485_final_cadet_stage3\riscv_pipeline.vhdl:]
WARNING: [filemgmt 56-199] Attempt to get parsing info during refresh. "On-the-fly" syntax checking information may be incorrect. [C:\Users\jswat\School_Projects\ECE485_FinalProject\ece485_final_cadet_stage3\ece485_final_cadet_stage3.srcs\sources_1\imports\ece485_final_cadet_stage3\instr_mem.vhdl:]
WARNING: [filemgmt 56-199] Attempt to get parsing info during refresh. "On-the-fly" syntax checking information may be incorrect. [C:\Users\jswat\School_Projects\ECE485_FinalProject\ece485_final_cadet_stage3\pipeline_registers.vhdl:]
WARNING: [filemgmt 56-199] Attempt to get parsing info during refresh. "On-the-fly" syntax checking information may be incorrect. [C:\Users\jswat\School_Projects\ECE485_FinalProject\ece485_final_cadet_stage3\hazard_detection_unit.vhdl:]
WARNING: [filemgmt 56-199] Attempt to get parsing info during refresh. "On-the-fly" syntax checking information may be incorrect. [C:\Users\jswat\School_Projects\ECE485_FinalProject\ece485_final_cadet_stage3\riscv_pipeline.vhdl:]
WARNING: [filemgmt 56-199] Attempt to get parsing info during refresh. "On-the-fly" syntax checking information may be incorrect. [C:\Users\jswat\School_Projects\ECE485_FinalProject\ece485_final_cadet_stage3\ece485_final_cadet_stage3.srcs\sources_1\imports\ece485_final_cadet_stage3\instr_mem.vhdl:]
WARNING: [filemgmt 56-199] Attempt to get parsing info during refresh. "On-the-fly" syntax checking information may be incorrect. [C:\Users\jswat\School_Projects\ECE485_FinalProject\ece485_final_cadet_stage3\ece485_final_cadet_stage3.srcs\sources_1\imports\ece485_final_cadet_stage3\instr_mem.vhdl:]
ERROR: [Common 17-180] Spawn failed: No error
WARNING: [filemgmt 56-199] Attempt to get parsing info during refresh. "On-the-fly" syntax checking information may be incorrect. [C:\Users\jswat\School_Projects\ECE485_FinalProject\ece485_final_cadet_stage3\ece485_final_cadet_stage3.srcs\sources_1\imports\ece485_final_cadet_stage3\instr_mem.vhdl:]
WARNING: [filemgmt 56-199] Attempt to get parsing info during refresh. "On-the-fly" syntax checking information may be incorrect. [C:\Users\jswat\School_Projects\ECE485_FinalProject\ece485_final_cadet_stage3\pipeline_registers.vhdl:]
WARNING: [filemgmt 56-199] Attempt to get parsing info during refresh. "On-the-fly" syntax checking information may be incorrect. [C:\Users\jswat\School_Projects\ECE485_FinalProject\ece485_final_cadet_stage3\hazard_detection_unit.vhdl:]
WARNING: [filemgmt 56-199] Attempt to get parsing info during refresh. "On-the-fly" syntax checking information may be incorrect. [C:\Users\jswat\School_Projects\ECE485_FinalProject\ece485_final_cadet_stage3\riscv_pipeline.vhdl:]
WARNING: [filemgmt 56-199] Attempt to get parsing info during refresh. "On-the-fly" syntax checking information may be incorrect. [C:\Users\jswat\School_Projects\ECE485_FinalProject\ece485_final_cadet_stage3\hazard_detection_unit.vhdl:]
WARNING: [filemgmt 56-199] Attempt to get parsing info during refresh. "On-the-fly" syntax checking information may be incorrect. [C:\Users\jswat\School_Projects\ECE485_FinalProject\ece485_final_cadet_stage3\hazard_detection_unit.vhdl:]
ERROR: [Common 17-180] Spawn failed: No error
exit
INFO: [Common 17-206] Exiting Vivado at Tue Apr 21 09:38:14 2026...
